#
# A fatal error has been detected by the Java Runtime Environment:
#
#  SIGBUS (0xa) at pc=0x00000001015f5e92, pid=4865, tid=0x0000000000004603
#
# JRE version: Java(TM) SE Runtime Environment (8.0_121-b13) (build 1.8.0_121-b13)
# Java VM: Java HotSpot(TM) 64-Bit Server VM (25.121-b13 mixed mode bsd-amd64 compressed oops)
# Problematic frame:
# C  [libzip.dylib+0x2e92]  newEntry+0x154
#
# Failed to write core dump. Core dumps have been disabled. To enable core dumping, try "ulimit -c unlimited" before starting Java again
#
# If you would like to submit a bug report, please visit:
#   http://bugreport.java.com/bugreport/crash.jsp
# The crash happened outside the Java Virtual Machine in native code.
# See problematic frame for where to report the bug.
#

---------------  T H R E A D  ---------------

Current thread (0x00007ff1ee26b000):  JavaThread "SkywalkingAgent-1-CollectorDiscoveryService-0" daemon [_thread_in_native, id=17923, stack(0x00007000037a7000,0x00007000038a7000)]

siginfo: si_signo: 10 (SIGBUS), si_code: 2 (BUS_ADRERR), si_addr: 0x000000011a45b31b

Registers:
RAX=0x00007ff1ed41e570, RBX=0x000000011a45b30f, RCX=0x0000000000000001, RDX=0x0000000000000500
RSP=0x00007000038a4f10, RBP=0x00007000038a4f70, RSI=0x0000000010000000, RDI=0x0000000000000585
R8 =0x0000000000000048, R9 =0x00007ff1efe58570, R10=0x00000000f0000000, R11=0x0000000000000004
R12=0x000000011a4d1000, R13=0x000000000001a380, R14=0x0000000009b25e28, R15=0x00007ff1eff4b6e0
RIP=0x00000001015f5e92, EFLAGS=0x0000000000010206, ERR=0x0000000000000004
  TRAPNO=0x000000000000000e

Top of Stack: (sp=0x00007000038a4f10)
0x00007000038a4f10:   00000001087a7c20 00000000038a5020
0x00007000038a4f20:   0000000107cc33d8 00007000038a51d0
0x00007000038a4f30:   00007000038a4f50 00007ff1ed41e570
0x00007000038a4f40:   00007ff1efe58570 00007ff1ed41e570
0x00007000038a4f50:   000000011a4d1000 000000000001a380
0x00007000038a4f60:   0000000009b25e28 00007ff1eff4b6e0
0x00007000038a4f70:   00007000038a4fd0 00000001015f652d
0x00007000038a4f80:   00007000038a503f 00007000038a503e
0x00007000038a4f90:   0000004f00000000 000000500126b000
0x00007000038a4fa0:   00007000038a4fee 00007000038a5438
0x00007000038a4fb0:   0000000000000050 00007000038a4fee
0x00007000038a4fc0:   00007ff1ed41e570 00007ff1ee26b1f8
0x00007000038a4fd0:   00007000038a5420 00000001015f5238
0x00007000038a4fe0:   00007000038a4fc9 726f000800000001
0x00007000038a4ff0:   6568636170612f67 6b6c6177796b732f
0x00007000038a5000:   2f6d70612f676e69 6e65646e65706564
0x00007000038a5010:   67726f2f73656963 2f6568636170612f
0x00007000038a5020:   696c632f70747468 737265762f746e65
0x00007000038a5030:   706f72702e6e6f69 0000736569747265
0x00007000038a5040:   0000000000000000 4025db1260c27820
0x00007000038a5050:   0000000107cc33d8 00007ff1ee26b000
0x00007000038a5060:   0000000107cc33d8 00007ff1ee26b000
0x00007000038a5070:   0000000107cc33d8 00007ff1ee26b000
0x00007000038a5080:   0000000107cc33d8 0000000107cc33d8
0x00007000038a5090:   0000000107cc33d8 00007ff1ed417ce0
0x00007000038a50a0:   00007ff1ee26b000 00007000038a5190
0x00007000038a50b0:   00007ff1efad6b98 00007ff1efad6b90
0x00007000038a50c0:   00007000038a5250 0000000102114c53
0x00007000038a50d0:   00007ff1ee26b000 0000000740003008
0x00007000038a50e0:   0000000740002fb0 0000000796977858
0x00007000038a50f0:   0000000000000000 00007ff1ed40fc10
0x00007000038a5100:   000000010262f490 00000000000000b6 

Instructions: (pc=0x00000001015f5e92)
0x00000001015f5e72:   49 8b 7f 38 e8 5b 1b 00 00 4d 89 77 38 49 89 5f
0x00000001015f5e82:   40 4c 89 f0 48 85 c0 0f 84 11 05 00 00 48 89 c3
0x00000001015f5e92:   0f b6 43 0c 0f b6 4b 0d 48 c1 e1 08 48 01 c1 0f
0x00000001015f5ea2:   b6 43 0e 0f b6 53 0f 48 c1 e2 08 48 01 c2 48 c1 

Register to memory mapping:

RAX=0x00007ff1ed41e570 is an unknown value
RBX=0x000000011a45b30f is an unknown value
RCX=0x0000000000000001 is an unknown value
RDX=0x0000000000000500 is an unknown value
RSP=0x00007000038a4f10 is pointing into the stack for thread: 0x00007ff1ee26b000
RBP=0x00007000038a4f70 is pointing into the stack for thread: 0x00007ff1ee26b000
RSI=0x0000000010000000 is an unknown value
RDI=0x0000000000000585 is an unknown value
R8 =0x0000000000000048 is an unknown value
R9 =0x00007ff1efe58570 is an unknown value
R10=0x00000000f0000000 is an unknown value
R11=0x0000000000000004 is an unknown value
R12=0x000000011a4d1000 is an unknown value
R13=0x000000000001a380 is an unknown value
R14=0x0000000009b25e28 is an unknown value
R15=0x00007ff1eff4b6e0 is an unknown value


Stack: [0x00007000037a7000,0x00007000038a7000],  sp=0x00007000038a4f10,  free space=1015k
Native frames: (J=compiled Java code, j=interpreted, Vv=VM code, C=native code)
C  [libzip.dylib+0x2e92]  newEntry+0x154
C  [libzip.dylib+0x352d]  ZIP_GetEntry2+0xd4
C  [libzip.dylib+0x2238]  Java_java_util_zip_ZipFile_getEntry+0xcf
J 94  java.util.zip.ZipFile.getEntry(J[BZ)J (0 bytes) @ 0x000000010888640e [0x0000000108886340+0xce]
J 105 C1 java.util.zip.ZipFile.getEntry(Ljava/lang/String;)Ljava/util/zip/ZipEntry; (86 bytes) @ 0x00000001088e96d4 [0x00000001088e9580+0x154]
J 104 C1 java.util.jar.JarFile.getEntry(Ljava/lang/String;)Ljava/util/zip/ZipEntry; (22 bytes) @ 0x00000001088e913c [0x00000001088e9100+0x3c]
J 46 C1 sun.misc.URLClassPath$JarLoader.getResource(Ljava/lang/String;Z)Lsun/misc/Resource; (85 bytes) @ 0x00000001088d3d64 [0x00000001088d3ca0+0xc4]
J 103 C1 sun.misc.URLClassPath$JarLoader.findResource(Ljava/lang/String;Z)Ljava/net/URL; (18 bytes) @ 0x00000001088a5a34 [0x00000001088a5a00+0x34]
J 88 C1 sun.misc.URLClassPath.findResource(Ljava/lang/String;Z)Ljava/net/URL; (47 bytes) @ 0x00000001088832dc [0x0000000108883260+0x7c]
J 668 C1 java.net.URLClassLoader$2.run()Ljava/lang/Object; (5 bytes) @ 0x0000000108962194 [0x0000000108962140+0x54]
v  ~StubRoutines::call_stub
V  [libjvm.dylib+0x2ed9d6]
V  [libjvm.dylib+0x34e114]
J 479  java.security.AccessController.doPrivileged(Ljava/security/PrivilegedAction;Ljava/security/AccessControlContext;)Ljava/lang/Object; (0 bytes) @ 0x000000010890a415 [0x000000010890a340+0xd5]
J 666 C1 java.net.URLClassLoader.findResource(Ljava/lang/String;)Ljava/net/URL; (37 bytes) @ 0x00000001089619c4 [0x0000000108961900+0xc4]
J 573 C1 java.lang.ClassLoader.getResource(Ljava/lang/String;)Ljava/net/URL; (36 bytes) @ 0x0000000108939604 [0x0000000108939520+0xe4]
J 3577 C1 java.net.URLClassLoader.getResourceAsStream(Ljava/lang/String;)Ljava/io/InputStream; (137 bytes) @ 0x0000000108e5834c [0x0000000108e58300+0x4c]
j  org.apache.skywalking.apm.dependencies.org.apache.http.util.VersionInfo.loadVersionInfo(Ljava/lang/String;Ljava/lang/ClassLoader;)Lorg/apache/skywalking/apm/dependencies/org/apache/http/util/VersionInfo;+56
j  org.apache.skywalking.apm.dependencies.org.apache.http.util.VersionInfo.getUserAgent(Ljava/lang/String;Ljava/lang/String;Ljava/lang/Class;)Ljava/lang/String;+5
j  org.apache.skywalking.apm.dependencies.org.apache.http.impl.client.HttpClientBuilder.build()Lorg/apache/skywalking/apm/dependencies/org/apache/http/impl/client/CloseableHttpClient;+559
j  org.apache.skywalking.apm.agent.core.remote.DiscoveryRestServiceClient.findServerList()V+3
j  org.apache.skywalking.apm.agent.core.remote.DiscoveryRestServiceClient.run()V+1
J 4427 C1 org.apache.skywalking.apm.util.RunnableWithExceptionProtection.run()V (24 bytes) @ 0x0000000109003e4c [0x0000000109003e00+0x4c]
J 4470 C1 java.util.concurrent.Executors$RunnableAdapter.call()Ljava/lang/Object; (14 bytes) @ 0x0000000108e74f8c [0x0000000108e74f40+0x4c]
J 4471 C1 java.util.concurrent.FutureTask.runAndReset()Z (128 bytes) @ 0x0000000108e0af34 [0x0000000108e0ae60+0xd4]
J 4425 C1 java.util.concurrent.ScheduledThreadPoolExecutor$ScheduledFutureTask.run()V (59 bytes) @ 0x00000001090032cc [0x00000001090031e0+0xec]
j  java.util.concurrent.ThreadPoolExecutor.runWorker(Ljava/util/concurrent/ThreadPoolExecutor$Worker;)V+95
j  java.util.concurrent.ThreadPoolExecutor$Worker.run()V+5
j  java.lang.Thread.run()V+11
v  ~StubRoutines::call_stub
V  [libjvm.dylib+0x2ed9d6]
V  [libjvm.dylib+0x2ee164]
V  [libjvm.dylib+0x2ee310]
V  [libjvm.dylib+0x348a5d]
V  [libjvm.dylib+0x56ab0f]
V  [libjvm.dylib+0x56c1fc]
V  [libjvm.dylib+0x48a5b2]
C  [libsystem_pthread.dylib+0x393b]  _pthread_body+0xb4
C  [libsystem_pthread.dylib+0x3887]  _pthread_body+0x0
C  [libsystem_pthread.dylib+0x308d]  thread_start+0xd
C  0x0000000000000000

Java frames: (J=compiled Java code, j=interpreted, Vv=VM code)
J 94  java.util.zip.ZipFile.getEntry(J[BZ)J (0 bytes) @ 0x0000000108886398 [0x0000000108886340+0x58]
J 105 C1 java.util.zip.ZipFile.getEntry(Ljava/lang/String;)Ljava/util/zip/ZipEntry; (86 bytes) @ 0x00000001088e96d4 [0x00000001088e9580+0x154]
J 104 C1 java.util.jar.JarFile.getEntry(Ljava/lang/String;)Ljava/util/zip/ZipEntry; (22 bytes) @ 0x00000001088e913c [0x00000001088e9100+0x3c]
J 46 C1 sun.misc.URLClassPath$JarLoader.getResource(Ljava/lang/String;Z)Lsun/misc/Resource; (85 bytes) @ 0x00000001088d3d64 [0x00000001088d3ca0+0xc4]
J 103 C1 sun.misc.URLClassPath$JarLoader.findResource(Ljava/lang/String;Z)Ljava/net/URL; (18 bytes) @ 0x00000001088a5a34 [0x00000001088a5a00+0x34]
J 88 C1 sun.misc.URLClassPath.findResource(Ljava/lang/String;Z)Ljava/net/URL; (47 bytes) @ 0x00000001088832dc [0x0000000108883260+0x7c]
J 668 C1 java.net.URLClassLoader$2.run()Ljava/lang/Object; (5 bytes) @ 0x0000000108962194 [0x0000000108962140+0x54]
v  ~StubRoutines::call_stub
J 479  java.security.AccessController.doPrivileged(Ljava/security/PrivilegedAction;Ljava/security/AccessControlContext;)Ljava/lang/Object; (0 bytes) @ 0x000000010890a3a3 [0x000000010890a340+0x63]
J 666 C1 java.net.URLClassLoader.findResource(Ljava/lang/String;)Ljava/net/URL; (37 bytes) @ 0x00000001089619c4 [0x0000000108961900+0xc4]
J 573 C1 java.lang.ClassLoader.getResource(Ljava/lang/String;)Ljava/net/URL; (36 bytes) @ 0x0000000108939604 [0x0000000108939520+0xe4]
J 3577 C1 java.net.URLClassLoader.getResourceAsStream(Ljava/lang/String;)Ljava/io/InputStream; (137 bytes) @ 0x0000000108e5834c [0x0000000108e58300+0x4c]
j  org.apache.skywalking.apm.dependencies.org.apache.http.util.VersionInfo.loadVersionInfo(Ljava/lang/String;Ljava/lang/ClassLoader;)Lorg/apache/skywalking/apm/dependencies/org/apache/http/util/VersionInfo;+56
j  org.apache.skywalking.apm.dependencies.org.apache.http.util.VersionInfo.getUserAgent(Ljava/lang/String;Ljava/lang/String;Ljava/lang/Class;)Ljava/lang/String;+5
j  org.apache.skywalking.apm.dependencies.org.apache.http.impl.client.HttpClientBuilder.build()Lorg/apache/skywalking/apm/dependencies/org/apache/http/impl/client/CloseableHttpClient;+559
j  org.apache.skywalking.apm.agent.core.remote.DiscoveryRestServiceClient.findServerList()V+3
j  org.apache.skywalking.apm.agent.core.remote.DiscoveryRestServiceClient.run()V+1
J 4427 C1 org.apache.skywalking.apm.util.RunnableWithExceptionProtection.run()V (24 bytes) @ 0x0000000109003e4c [0x0000000109003e00+0x4c]
J 4470 C1 java.util.concurrent.Executors$RunnableAdapter.call()Ljava/lang/Object; (14 bytes) @ 0x0000000108e74f8c [0x0000000108e74f40+0x4c]
J 4471 C1 java.util.concurrent.FutureTask.runAndReset()Z (128 bytes) @ 0x0000000108e0af34 [0x0000000108e0ae60+0xd4]
J 4425 C1 java.util.concurrent.ScheduledThreadPoolExecutor$ScheduledFutureTask.run()V (59 bytes) @ 0x00000001090032cc [0x00000001090031e0+0xec]
j  java.util.concurrent.ThreadPoolExecutor.runWorker(Ljava/util/concurrent/ThreadPoolExecutor$Worker;)V+95
j  java.util.concurrent.ThreadPoolExecutor$Worker.run()V+5
j  java.lang.Thread.run()V+11
v  ~StubRoutines::call_stub

---------------  P R O C E S S  ---------------

Java Threads: ( => current thread )
  0x00007ff1ee581800 JavaThread "threadDeathWatcher-3-1" daemon [_thread_blocked, id=37639, stack(0x0000700005f1c000,0x000070000601c000)]
  0x00007ff1eda06000 JavaThread "grpc-default-executor-3" daemon [_thread_blocked, id=26375, stack(0x00007000048da000,0x00007000049da000)]
  0x00007ff1ee442000 JavaThread "grpc-default-executor-2" daemon [_thread_blocked, id=25355, stack(0x00007000046d4000,0x00007000047d4000)]
  0x00007ff1eeb6f000 JavaThread "grpc-timer-0" daemon [_thread_blocked, id=39683, stack(0x0000700006328000,0x0000700006428000)]
  0x00007ff1ef1ff800 JavaThread "grpc-default-worker-ELG-1-8" daemon [_thread_in_native, id=39171, stack(0x0000700006225000,0x0000700006325000)]
  0x00007ff1ef1d8800 JavaThread "grpc-default-worker-ELG-1-7" daemon [_thread_in_native, id=38659, stack(0x0000700006122000,0x0000700006222000)]
  0x00007ff1edb55000 JavaThread "grpc-default-worker-ELG-1-6" daemon [_thread_in_native, id=38151, stack(0x000070000601f000,0x000070000611f000)]
  0x00007ff1ee651800 JavaThread "grpc-default-worker-ELG-1-5" daemon [_thread_in_native, id=37135, stack(0x0000700005e19000,0x0000700005f19000)]
  0x00007ff1ef1ec800 JavaThread "grpc-default-worker-ELG-1-4" daemon [_thread_in_native, id=27915, stack(0x0000700004be3000,0x0000700004ce3000)]
  0x00007ff1ee59c800 JavaThread "grpc-default-worker-ELG-1-3" daemon [_thread_in_native, id=27491, stack(0x0000700004ae0000,0x0000700004be0000)]
  0x00007ff1ee650800 JavaThread "DestroyJavaVM" [_thread_blocked, id=7171, stack(0x0000700002c86000,0x0000700002d86000)]
  0x00007ff1ee64e000 JavaThread "http-nio-8080-AsyncTimeout" daemon [_thread_blocked, id=36611, stack(0x0000700005d16000,0x0000700005e16000)]
  0x00007ff1eef67800 JavaThread "http-nio-8080-Acceptor-0" daemon [_thread_in_native, id=36099, stack(0x0000700005c13000,0x0000700005d13000)]
  0x00007ff1ef184800 JavaThread "http-nio-8080-ClientPoller-1" daemon [_thread_in_native, id=35587, stack(0x0000700005b10000,0x0000700005c10000)]
  0x00007ff1ef1a6000 JavaThread "http-nio-8080-ClientPoller-0" daemon [_thread_in_native, id=35075, stack(0x0000700005a0d000,0x0000700005b0d000)]
  0x00007ff1ef183800 JavaThread "http-nio-8080-exec-10" daemon [_thread_blocked, id=34563, stack(0x000070000590a000,0x0000700005a0a000)]
  0x00007ff1ef187800 JavaThread "http-nio-8080-exec-9" daemon [_thread_blocked, id=34051, stack(0x0000700005807000,0x0000700005907000)]
  0x00007ff1edb45800 JavaThread "http-nio-8080-exec-8" daemon [_thread_blocked, id=33539, stack(0x0000700005704000,0x0000700005804000)]
  0x00007ff1ee64d000 JavaThread "http-nio-8080-exec-7" daemon [_thread_blocked, id=33027, stack(0x0000700005601000,0x0000700005701000)]
  0x00007ff1ee64c800 JavaThread "http-nio-8080-exec-6" daemon [_thread_blocked, id=32515, stack(0x00007000054fe000,0x00007000055fe000)]
  0x00007ff1ee64b800 JavaThread "http-nio-8080-exec-5" daemon [_thread_blocked, id=32003, stack(0x00007000053fb000,0x00007000054fb000)]
  0x00007ff1ee64b000 JavaThread "http-nio-8080-exec-4" daemon [_thread_blocked, id=31491, stack(0x00007000052f8000,0x00007000053f8000)]
  0x00007ff1ee646000 JavaThread "http-nio-8080-exec-3" daemon [_thread_blocked, id=30979, stack(0x00007000051f5000,0x00007000052f5000)]
  0x00007ff1ee645000 JavaThread "http-nio-8080-exec-2" daemon [_thread_blocked, id=30467, stack(0x00007000050f2000,0x00007000051f2000)]
  0x00007ff1ee5c2800 JavaThread "http-nio-8080-exec-1" daemon [_thread_blocked, id=29955, stack(0x0000700004fef000,0x00007000050ef000)]
  0x00007ff1ee5b5800 JavaThread "NioBlockingSelector.BlockPoller-1" daemon [_thread_in_native, id=29447, stack(0x0000700004eec000,0x0000700004fec000)]
  0x00007ff1ef172800 JavaThread "container-0" [_thread_blocked, id=28931, stack(0x0000700004de9000,0x0000700004ee9000)]
  0x00007ff1ed92b000 JavaThread "ContainerBackgroundProcessor[StandardEngine[Tomcat]]" daemon [_thread_blocked, id=28423, stack(0x0000700004ce6000,0x0000700004de6000)]
  0x00007ff1ee423800 JavaThread "grpc-default-worker-ELG-1-2" daemon [_thread_in_native, id=26923, stack(0x00007000049dd000,0x0000700004add000)]
  0x00007ff1ee3e6000 JavaThread "RMI Scheduler(0)" daemon [_thread_blocked, id=25859, stack(0x00007000047d7000,0x00007000048d7000)]
  0x00007ff1eeac6800 JavaThread "RMI TCP Accept-0" daemon [_thread_in_native, id=24323, stack(0x00007000044ce000,0x00007000045ce000)]
  0x00007ff1eeab9000 JavaThread "RMI TCP Accept-52522" daemon [_thread_in_native, id=23811, stack(0x00007000043cb000,0x00007000044cb000)]
  0x00007ff1eeab8800 JavaThread "RMI TCP Accept-0" daemon [_thread_in_native, id=23299, stack(0x00007000042c8000,0x00007000043c8000)]
  0x00007ff1eea98800 JavaThread "grpc-default-worker-ELG-1-1" daemon [_thread_in_native, id=4359, stack(0x0000700002b80000,0x0000700002c80000)]
  0x00007ff1ee90f000 JavaThread "Service Thread" daemon [_thread_blocked, id=22531, stack(0x00007000040c2000,0x00007000041c2000)]
  0x00007ff1eea4f800 JavaThread "C1 CompilerThread2" daemon [_thread_blocked, id=22019, stack(0x0000700003fbf000,0x00007000040bf000)]
  0x00007ff1eea4e800 JavaThread "C2 CompilerThread1" daemon [_thread_blocked, id=21507, stack(0x0000700003ebc000,0x0000700003fbc000)]
  0x00007ff1eea09000 JavaThread "C2 CompilerThread0" daemon [_thread_blocked, id=20995, stack(0x0000700003db9000,0x0000700003eb9000)]
  0x00007ff1ed891800 JavaThread "Monitor Ctrl-Break" daemon [_thread_in_native, id=20483, stack(0x0000700003cb6000,0x0000700003db6000)]
  0x00007ff1ef151800 JavaThread "SkywalkingAgent-5-AppAndServiceRegisterClient-0" daemon [_thread_blocked, id=19971, stack(0x0000700003bb3000,0x0000700003cb3000)]
  0x00007ff1ef171000 JavaThread "SkywalkingAgent-4-JVMService-consume-0" daemon [_thread_blocked, id=19459, stack(0x0000700003ab0000,0x0000700003bb0000)]
  0x00007ff1ee277000 JavaThread "SkywalkingAgent-3-JVMService-produce-0" daemon [_thread_blocked, id=18947, stack(0x00007000039ad000,0x0000700003aad000)]
  0x00007ff1ee272000 JavaThread "SkywalkingAgent-2-GRPCChannelManager-0" daemon [_thread_blocked, id=18435, stack(0x00007000038aa000,0x00007000039aa000)]
=>0x00007ff1ee26b000 JavaThread "SkywalkingAgent-1-CollectorDiscoveryService-0" daemon [_thread_in_native, id=17923, stack(0x00007000037a7000,0x00007000038a7000)]
  0x00007ff1ee242000 JavaThread "DataCarrier.Consumser.0.Thread" daemon [_thread_blocked, id=17411, stack(0x00007000036a4000,0x00007000037a4000)]
  0x00007ff1ef097000 JavaThread "Thread-1" daemon [_thread_blocked, id=16899, stack(0x00007000035a1000,0x00007000036a1000)]
  0x00007ff1ee01b000 JavaThread "Signal Dispatcher" daemon [_thread_blocked, id=16387, stack(0x000070000349e000,0x000070000359e000)]
  0x00007ff1ed812000 JavaThread "Finalizer" daemon [_thread_blocked, id=12547, stack(0x000070000339b000,0x000070000349b000)]
  0x00007ff1ed80f800 JavaThread "Reference Handler" daemon [_thread_blocked, id=12035, stack(0x0000700003298000,0x0000700003398000)]

Other Threads:
  0x00007ff1ed80e800 VMThread [stack: 0x0000700003195000,0x0000700003295000] [id=11523]
  0x00007ff1eeac9800 WatcherThread [stack: 0x00007000045d1000,0x00007000046d1000] [id=24835]

VM state:not at safepoint (normal execution)

VM Mutex/Monitor currently owned by a thread: None

Heap:
 PSYoungGen      total 325632K, used 36837K [0x0000000795580000, 0x00000007afd00000, 0x00000007c0000000)
  eden space 310784K, 8% used [0x0000000795580000,0x0000000796ef6bb0,0x00000007a8500000)
  from space 14848K, 72% used [0x00000007a8500000,0x00000007a8f82a20,0x00000007a9380000)
  to   space 15360K, 0% used [0x00000007aee00000,0x00000007aee00000,0x00000007afd00000)
 ParOldGen       total 72192K, used 30232K [0x0000000740000000, 0x0000000744680000, 0x0000000795580000)
  object space 72192K, 41% used [0x0000000740000000,0x0000000741d86118,0x0000000744680000)
 Metaspace       used 43368K, capacity 44000K, committed 44288K, reserved 1087488K
  class space    used 5923K, capacity 6103K, committed 6144K, reserved 1048576K

Card table byte_map: [0x00000001031eb000,0x00000001035ec000] byte_map_base: 0x00000000ff7eb000

Marking Bits: (ParMarkBitMap*) 0x00000001026f0d30
 Begin Bits: [0x0000000103897000, 0x0000000105897000)
 End Bits:   [0x0000000105897000, 0x0000000107897000)

Polling page: 0x00000001015e8000

CodeCache: size=245760Kb used=9776Kb max_used=9776Kb free=235983Kb
 bounds [0x0000000108761000, 0x00000001090f1000, 0x0000000117761000]
 total_blobs=5706 nmethods=5200 adapters=418
 compilation: enabled

Compilation events (10 events):
Event: 423.850 Thread 0x00007ff1eea4f800 5292       1       org.apache.skywalking.apm.dependencies.io.netty.buffer.PooledByteBufAllocator::threadCache (11 bytes)
Event: 423.850 Thread 0x00007ff1eea4f800 nmethod 5292 0x00000001090ed350 code [0x00000001090ed4e0, 0x00000001090ed908]
Event: 423.850 Thread 0x00007ff1eea4f800 5293       1       org.apache.skywalking.apm.dependencies.io.netty.buffer.PooledUnsafeDirectByteBuf::init (19 bytes)
Event: 423.851 Thread 0x00007ff1eea4f800 nmethod 5293 0x00000001090edc90 code [0x00000001090ede00, 0x00000001090edfa8]
Event: 424.835 Thread 0x00007ff1eea4f800 5294       1       org.apache.skywalking.apm.dependencies.org.apache.http.logging.impl.WeakHashtable$Referenced::getValue (8 bytes)
Event: 424.835 Thread 0x00007ff1eea4f800 nmethod 5294 0x00000001090ee090 code [0x00000001090ee1e0, 0x00000001090ee2f0]
Event: 424.835 Thread 0x00007ff1eea4f800 5295  s!   1       sun.security.jca.ProviderConfig::getProvider (115 bytes)
Event: 424.835 Thread 0x00007ff1eea4f800 nmethod 5295 0x00000001090ee390 code [0x00000001090ee520, 0x00000001090eea28]
Event: 424.835 Thread 0x00007ff1eea4f800 5296       1       sun.security.jca.ProviderList::getProvider (22 bytes)
Event: 424.835 Thread 0x00007ff1eea4f800 nmethod 5296 0x00000001090eeb90 code [0x00000001090eed00, 0x00000001090eee88]

GC Heap History (10 events):
Event: 25.871 GC heap before
{Heap before GC invocations=15 (full 1):
 PSYoungGen      total 171520K, used 171502K [0x0000000795580000, 0x00000007a3b00000, 0x00000007c0000000)
  eden space 164352K, 100% used [0x0000000795580000,0x000000079f600000,0x000000079f600000)
  from space 7168K, 99% used [0x000000079f600000,0x000000079fcfbb68,0x000000079fd00000)
  to   space 8704K, 0% used [0x00000007a3280000,0x00000007a3280000,0x00000007a3b00000)
 ParOldGen       total 50688K, used 10931K [0x0000000740000000, 0x0000000743180000, 0x0000000795580000)
  object space 50688K, 21% used [0x0000000740000000,0x0000000740aaccd0,0x0000000743180000)
 Metaspace       used 31621K, capacity 32200K, committed 32512K, reserved 1077248K
  class space    used 4339K, capacity 4500K, committed 4608K, reserved 1048576K
Event: 25.881 GC heap after
Heap after GC invocations=15 (full 1):
 PSYoungGen      total 225792K, used 7795K [0x0000000795580000, 0x00000007a4900000, 0x00000007c0000000)
  eden space 217088K, 0% used [0x0000000795580000,0x0000000795580000,0x00000007a2980000)
  from space 8704K, 89% used [0x00000007a3280000,0x00000007a3a1cc90,0x00000007a3b00000)
  to   space 9216K, 0% used [0x00000007a2980000,0x00000007a2980000,0x00000007a3280000)
 ParOldGen       total 50688K, used 12929K [0x0000000740000000, 0x0000000743180000, 0x0000000795580000)
  object space 50688K, 25% used [0x0000000740000000,0x0000000740ca05a8,0x0000000743180000)
 Metaspace       used 31621K, capacity 32200K, committed 32512K, reserved 1077248K
  class space    used 4339K, capacity 4500K, committed 4608K, reserved 1048576K
}
Event: 26.517 GC heap before
{Heap before GC invocations=16 (full 1):
 PSYoungGen      total 225792K, used 218927K [0x0000000795580000, 0x00000007a4900000, 0x00000007c0000000)
  eden space 217088K, 97% used [0x0000000795580000,0x00000007a23af030,0x00000007a2980000)
  from space 8704K, 89% used [0x00000007a3280000,0x00000007a3a1cc90,0x00000007a3b00000)
  to   space 9216K, 0% used [0x00000007a2980000,0x00000007a2980000,0x00000007a3280000)
 ParOldGen       total 50688K, used 12929K [0x0000000740000000, 0x0000000743180000, 0x0000000795580000)
  object space 50688K, 25% used [0x0000000740000000,0x0000000740ca05a8,0x0000000743180000)
 Metaspace       used 34776K, capacity 35290K, committed 35456K, reserved 1079296K
  class space    used 4786K, capacity 4926K, committed 4992K, reserved 1048576K
Event: 26.533 GC heap after
Heap after GC invocations=16 (full 1):
 PSYoungGen      total 226304K, used 9208K [0x0000000795580000, 0x00000007a9f00000, 0x00000007c0000000)
  eden space 217088K, 0% used [0x0000000795580000,0x0000000795580000,0x00000007a2980000)
  from space 9216K, 99% used [0x00000007a2980000,0x00000007a327e1f0,0x00000007a3280000)
  to   space 11776K, 0% used [0x00000007a9380000,0x00000007a9380000,0x00000007a9f00000)
 ParOldGen       total 50688K, used 15846K [0x0000000740000000, 0x0000000743180000, 0x0000000795580000)
  object space 50688K, 31% used [0x0000000740000000,0x0000000740f79bb8,0x0000000743180000)
 Metaspace       used 34776K, capacity 35290K, committed 35456K, reserved 1079296K
  class space    used 4786K, capacity 4926K, committed 4992K, reserved 1048576K
}
Event: 26.533 GC heap before
{Heap before GC invocations=17 (full 2):
 PSYoungGen      total 226304K, used 9208K [0x0000000795580000, 0x00000007a9f00000, 0x00000007c0000000)
  eden space 217088K, 0% used [0x0000000795580000,0x0000000795580000,0x00000007a2980000)
  from space 9216K, 99% used [0x00000007a2980000,0x00000007a327e1f0,0x00000007a3280000)
  to   space 11776K, 0% used [0x00000007a9380000,0x00000007a9380000,0x00000007a9f00000)
 ParOldGen       total 50688K, used 15846K [0x0000000740000000, 0x0000000743180000, 0x0000000795580000)
  object space 50688K, 31% used [0x0000000740000000,0x0000000740f79bb8,0x0000000743180000)
 Metaspace       used 34776K, capacity 35290K, committed 35456K, reserved 1079296K
  class space    used 4786K, capacity 4926K, committed 4992K, reserved 1048576K
Event: 26.593 GC heap after
Heap after GC invocations=17 (full 2):
 PSYoungGen      total 226304K, used 0K [0x0000000795580000, 0x00000007a9f00000, 0x00000007c0000000)
  eden space 217088K, 0% used [0x0000000795580000,0x0000000795580000,0x00000007a2980000)
  from space 9216K, 0% used [0x00000007a2980000,0x00000007a2980000,0x00000007a3280000)
  to   space 11776K, 0% used [0x00000007a9380000,0x00000007a9380000,0x00000007a9f00000)
 ParOldGen       total 72192K, used 19493K [0x0000000740000000, 0x0000000744680000, 0x0000000795580000)
  object space 72192K, 27% used [0x0000000740000000,0x00000007413097d0,0x0000000744680000)
 Metaspace       used 34776K, capacity 35290K, committed 35456K, reserved 1079296K
  class space    used 4786K, capacity 4926K, committed 4992K, reserved 1048576K
}
Event: 27.394 GC heap before
{Heap before GC invocations=18 (full 2):
 PSYoungGen      total 226304K, used 217088K [0x0000000795580000, 0x00000007a9f00000, 0x00000007c0000000)
  eden space 217088K, 100% used [0x0000000795580000,0x00000007a2980000,0x00000007a2980000)
  from space 9216K, 0% used [0x00000007a2980000,0x00000007a2980000,0x00000007a3280000)
  to   space 11776K, 0% used [0x00000007a9380000,0x00000007a9380000,0x00000007a9f00000)
 ParOldGen       total 72192K, used 19493K [0x0000000740000000, 0x0000000744680000, 0x0000000795580000)
  object space 72192K, 27% used [0x0000000740000000,0x00000007413097d0,0x0000000744680000)
 Metaspace       used 39061K, capacity 39724K, committed 39936K, reserved 1083392K
  class space    used 5355K, capacity 5544K, committed 5632K, reserved 1048576K
Event: 27.415 GC heap after
Heap after GC invocations=18 (full 2):
 PSYoungGen      total 322560K, used 11772K [0x0000000795580000, 0x00000007aab80000, 0x00000007c0000000)
  eden space 310784K, 0% used [0x0000000795580000,0x0000000795580000,0x00000007a8500000)
  from space 11776K, 99% used [0x00000007a9380000,0x00000007a9eff190,0x00000007a9f00000)
  to   space 14848K, 0% used [0x00000007a8500000,0x00000007a8500000,0x00000007a9380000)
 ParOldGen       total 72192K, used 23094K [0x0000000740000000, 0x0000000744680000, 0x0000000795580000)
  object space 72192K, 31% used [0x0000000740000000,0x000000074168da38,0x0000000744680000)
 Metaspace       used 39061K, capacity 39724K, committed 39936K, reserved 1083392K
  class space    used 5355K, capacity 5544K, committed 5632K, reserved 1048576K
}
Event: 317.046 GC heap before
{Heap before GC invocations=19 (full 2):
 PSYoungGen      total 322560K, used 322556K [0x0000000795580000, 0x00000007aab80000, 0x00000007c0000000)
  eden space 310784K, 100% used [0x0000000795580000,0x00000007a8500000,0x00000007a8500000)
  from space 11776K, 99% used [0x00000007a9380000,0x00000007a9eff190,0x00000007a9f00000)
  to   space 14848K, 0% used [0x00000007a8500000,0x00000007a8500000,0x00000007a9380000)
 ParOldGen       total 72192K, used 23094K [0x0000000740000000, 0x0000000744680000, 0x0000000795580000)
  object space 72192K, 31% used [0x0000000740000000,0x000000074168da38,0x0000000744680000)
 Metaspace       used 43234K, capacity 43872K, committed 44032K, reserved 1087488K
  class space    used 5916K, capacity 6103K, committed 6144K, reserved 1048576K
Event: 317.066 GC heap after
Heap after GC invocations=19 (full 2):
 PSYoungGen      total 325632K, used 10762K [0x0000000795580000, 0x00000007afd00000, 0x00000007c0000000)
  eden space 310784K, 0% used [0x0000000795580000,0x0000000795580000,0x00000007a8500000)
  from space 14848K, 72% used [0x00000007a8500000,0x00000007a8f82a20,0x00000007a9380000)
  to   space 15360K, 0% used [0x00000007aee00000,0x00000007aee00000,0x00000007afd00000)
 ParOldGen       total 72192K, used 30232K [0x0000000740000000, 0x0000000744680000, 0x0000000795580000)
  object space 72192K, 41% used [0x0000000740000000,0x0000000741d86118,0x0000000744680000)
 Metaspace       used 43234K, capacity 43872K, committed 44032K, reserved 1087488K
  class space    used 5916K, capacity 6103K, committed 6144K, reserved 1048576K
}

Deoptimization events (0 events):
No events

Internal exceptions (10 events):
Event: 335.406 Thread 0x00007ff1ee423800 Exception <a 'java/net/UnknownHostException'> (0x00000007965d8470) thrown at [/Users/java_re/workspace/8-2-build-macosx-x86_64/jdk8u121/8372/hotspot/src/share/vm/prims/jni.cpp, line 735]
Event: 335.406 Thread 0x00007ff1eea98800 Exception <a 'java/net/UnknownHostException'> (0x000000079652fed0) thrown at [/Users/java_re/workspace/8-2-build-macosx-x86_64/jdk8u121/8372/hotspot/src/share/vm/prims/jni.cpp, line 735]
Event: 352.313 Thread 0x00007ff1ef1ff800 Exception <a 'java/net/UnknownHostException'> (0x00000007966cfe90) thrown at [/Users/java_re/workspace/8-2-build-macosx-x86_64/jdk8u121/8372/hotspot/src/share/vm/prims/jni.cpp, line 735]
Event: 364.856 Thread 0x00007ff1eda06000 Exception <a 'java/net/UnknownHostException'> (0x00000007966392d8) thrown at [/Users/java_re/workspace/8-2-build-macosx-x86_64/jdk8u121/8372/hotspot/src/share/vm/prims/jni.cpp, line 709]
Event: 365.415 Thread 0x00007ff1eea98800 Exception <a 'java/net/UnknownHostException'> (0x0000000796532510) thrown at [/Users/java_re/workspace/8-2-build-macosx-x86_64/jdk8u121/8372/hotspot/src/share/vm/prims/jni.cpp, line 735]
Event: 366.465 Thread 0x00007ff1ee423800 Exception <a 'java/net/UnknownHostException'> (0x00000007965dad58) thrown at [/Users/java_re/workspace/8-2-build-macosx-x86_64/jdk8u121/8372/hotspot/src/share/vm/prims/jni.cpp, line 735]
Event: 375.072 Thread 0x00007ff1eda06000 Exception <a 'java/net/UnknownHostException'> (0x0000000796649fa8) thrown at [/Users/java_re/workspace/8-2-build-macosx-x86_64/jdk8u121/8372/hotspot/src/share/vm/prims/jni.cpp, line 709]
Event: 394.856 Thread 0x00007ff1eda06000 Exception <a 'java/net/UnknownHostException'> (0x000000079665aba8) thrown at [/Users/java_re/workspace/8-2-build-macosx-x86_64/jdk8u121/8372/hotspot/src/share/vm/prims/jni.cpp, line 709]
Event: 395.424 Thread 0x00007ff1ee59c800 Exception <a 'java/net/UnknownHostException'> (0x000000079646f828) thrown at [/Users/java_re/workspace/8-2-build-macosx-x86_64/jdk8u121/8372/hotspot/src/share/vm/prims/jni.cpp, line 735]
Event: 416.370 Thread 0x00007ff1edb55000 Exception <a 'java/net/UnknownHostException'> (0x0000000796e737c8) thrown at [/Users/java_re/workspace/8-2-build-macosx-x86_64/jdk8u121/8372/hotspot/src/share/vm/prims/jni.cpp, line 735]

Events (10 events):
Event: 395.424 Executing VM operation: RevokeBias
Event: 395.424 Executing VM operation: RevokeBias done
Event: 395.849 Executing VM operation: RevokeBias
Event: 395.849 Executing VM operation: RevokeBias done
Event: 397.848 Executing VM operation: BulkRevokeBias
Event: 397.849 Executing VM operation: BulkRevokeBias done
Event: 413.845 loading class org/apache/skywalking/apm/dependencies/io/netty/buffer/SwappedByteBuf
Event: 413.845 loading class org/apache/skywalking/apm/dependencies/io/netty/buffer/SwappedByteBuf done
Event: 416.371 Executing VM operation: RevokeBias
Event: 416.371 Executing VM operation: RevokeBias done


Dynamic libraries:
0x00000000240c7000 	/System/Library/Frameworks/Cocoa.framework/Versions/A/Cocoa
0x00000000240c7000 	/System/Library/Frameworks/Security.framework/Versions/A/Security
0x00000000240c7000 	/System/Library/Frameworks/ApplicationServices.framework/Versions/A/ApplicationServices
0x00000000240c7000 	/usr/lib/libz.1.dylib
0x00000000240c7000 	/usr/lib/libSystem.B.dylib
0x00000000240c7000 	/usr/lib/libobjc.A.dylib
0x00000000240c7000 	/System/Library/Frameworks/CoreFoundation.framework/Versions/A/CoreFoundation
0x00000000240c7000 	/System/Library/Frameworks/Foundation.framework/Versions/C/Foundation
0x00000000240c7000 	/System/Library/Frameworks/AppKit.framework/Versions/C/AppKit
0x00000000240c7000 	/System/Library/Frameworks/CoreData.framework/Versions/A/CoreData
0x00000000240c7000 	/System/Library/PrivateFrameworks/RemoteViewServices.framework/Versions/A/RemoteViewServices
0x00000000240c7000 	/System/Library/PrivateFrameworks/UIFoundation.framework/Versions/A/UIFoundation
0x00000000240c7000 	/System/Library/PrivateFrameworks/DFRFoundation.framework/Versions/A/DFRFoundation
0x00000000240c7000 	/usr/lib/libenergytrace.dylib
0x00000000240c7000 	/System/Library/PrivateFrameworks/SkyLight.framework/Versions/A/SkyLight
0x00000000240c7000 	/System/Library/Frameworks/CoreGraphics.framework/Versions/A/CoreGraphics
0x00000000240c7000 	/usr/lib/libScreenReader.dylib
0x00000000240c7000 	/System/Library/Frameworks/Accelerate.framework/Versions/A/Accelerate
0x00000000240c7000 	/System/Library/Frameworks/IOSurface.framework/Versions/A/IOSurface
0x00000000240c7000 	/System/Library/Frameworks/AudioToolbox.framework/Versions/A/AudioToolbox
0x00000000240c7000 	/System/Library/Frameworks/AudioUnit.framework/Versions/A/AudioUnit
0x00000000240c7000 	/System/Library/PrivateFrameworks/DataDetectorsCore.framework/Versions/A/DataDetectorsCore
0x00000000240c7000 	/System/Library/PrivateFrameworks/DesktopServicesPriv.framework/Versions/A/DesktopServicesPriv
0x00000000240c7000 	/System/Library/Frameworks/Carbon.framework/Versions/A/Frameworks/HIToolbox.framework/Versions/A/HIToolbox
0x00000000240c7000 	/usr/lib/libicucore.A.dylib
0x00000000240c7000 	/System/Library/Frameworks/QuartzCore.framework/Versions/A/QuartzCore
0x00000000240c7000 	/System/Library/Frameworks/Carbon.framework/Versions/A/Frameworks/SpeechRecognition.framework/Versions/A/SpeechRecognition
0x00000000240c7000 	/usr/lib/libauto.dylib
0x00000000240c7000 	/usr/lib/libxml2.2.dylib
0x00000000240c7000 	/System/Library/PrivateFrameworks/CoreUI.framework/Versions/A/CoreUI
0x00000000240c7000 	/System/Library/Frameworks/CoreAudio.framework/Versions/A/CoreAudio
0x00000000240c7000 	/System/Library/Frameworks/DiskArbitration.framework/Versions/A/DiskArbitration
0x00000000240c7000 	/usr/lib/liblangid.dylib
0x00000000240c7000 	/System/Library/PrivateFrameworks/MultitouchSupport.framework/Versions/A/MultitouchSupport
0x00000000240c7000 	/System/Library/Frameworks/IOKit.framework/Versions/A/IOKit
0x00000000240c7000 	/usr/lib/libDiagnosticMessagesClient.dylib
0x00000000240c7000 	/System/Library/Frameworks/CoreServices.framework/Versions/A/CoreServices
0x00000000240c7000 	/System/Library/PrivateFrameworks/PerformanceAnalysis.framework/Versions/A/PerformanceAnalysis
0x00000000240c7000 	/System/Library/PrivateFrameworks/GenerationalStorage.framework/Versions/A/GenerationalStorage
0x00000000240c7000 	/System/Library/Frameworks/OpenGL.framework/Versions/A/OpenGL
0x00000000240c7000 	/System/Library/Frameworks/CoreImage.framework/Versions/A/CoreImage
0x00000000240c7000 	/System/Library/Frameworks/CoreText.framework/Versions/A/CoreText
0x00000000240c7000 	/System/Library/Frameworks/ImageIO.framework/Versions/A/ImageIO
0x00000000240c7000 	/System/Library/PrivateFrameworks/Backup.framework/Versions/A/Backup
0x00000000240c7000 	/usr/lib/libarchive.2.dylib
0x00000000240c7000 	/System/Library/Frameworks/CFNetwork.framework/Versions/A/CFNetwork
0x00000000240c7000 	/System/Library/Frameworks/SystemConfiguration.framework/Versions/A/SystemConfiguration
0x00000000240c7000 	/usr/lib/libCRFSuite.dylib
0x00000000240c7000 	/usr/lib/libc++.1.dylib
0x00000000240c7000 	/usr/lib/libc++abi.dylib
0x00000000240c7000 	/usr/lib/system/libcache.dylib
0x00000000240c7000 	/usr/lib/system/libcommonCrypto.dylib
0x00000000240c7000 	/usr/lib/system/libcompiler_rt.dylib
0x00000000240c7000 	/usr/lib/system/libcopyfile.dylib
0x00000000240c7000 	/usr/lib/system/libcorecrypto.dylib
0x00000000240c7000 	/usr/lib/system/libdispatch.dylib
0x00000000240c7000 	/usr/lib/system/libdyld.dylib
0x00000000240c7000 	/usr/lib/system/libkeymgr.dylib
0x00000000240c7000 	/usr/lib/system/liblaunch.dylib
0x00000000240c7000 	/usr/lib/system/libmacho.dylib
0x00000000240c7000 	/usr/lib/system/libquarantine.dylib
0x00000000240c7000 	/usr/lib/system/libremovefile.dylib
0x00000000240c7000 	/usr/lib/system/libsystem_asl.dylib
0x00000000240c7000 	/usr/lib/system/libsystem_blocks.dylib
0x00000000240c7000 	/usr/lib/system/libsystem_c.dylib
0x00000000240c7000 	/usr/lib/system/libsystem_configuration.dylib
0x00000000240c7000 	/usr/lib/system/libsystem_coreservices.dylib
0x00000000240c7000 	/usr/lib/system/libsystem_coretls.dylib
0x00000000240c7000 	/usr/lib/system/libsystem_dnssd.dylib
0x00000000240c7000 	/usr/lib/system/libsystem_info.dylib
0x00000000240c7000 	/usr/lib/system/libsystem_kernel.dylib
0x00000000240c7000 	/usr/lib/system/libsystem_m.dylib
0x00000000240c7000 	/usr/lib/system/libsystem_malloc.dylib
0x00000000240c7000 	/usr/lib/system/libsystem_network.dylib
0x00000000240c7000 	/usr/lib/system/libsystem_networkextension.dylib
0x00000000240c7000 	/usr/lib/system/libsystem_notify.dylib
0x00000000240c7000 	/usr/lib/system/libsystem_platform.dylib
0x00000000240c7000 	/usr/lib/system/libsystem_pthread.dylib
0x00000000240c7000 	/usr/lib/system/libsystem_sandbox.dylib
0x00000000240c7000 	/usr/lib/system/libsystem_secinit.dylib
0x00000000240c7000 	/usr/lib/system/libsystem_symptoms.dylib
0x00000000240c7000 	/usr/lib/system/libsystem_trace.dylib
0x00000000240c7000 	/usr/lib/system/libunwind.dylib
0x00000000240c7000 	/usr/lib/system/libxpc.dylib
0x00000000240c7000 	/usr/lib/libbsm.0.dylib
0x00000000240c7000 	/usr/lib/system/libkxld.dylib
0x00000000240c7000 	/usr/lib/libcoretls.dylib
0x00000000240c7000 	/usr/lib/libcoretls_cfhelpers.dylib
0x00000000240c7000 	/usr/lib/libOpenScriptingUtil.dylib
0x00000000240c7000 	/usr/lib/libpam.2.dylib
0x00000000240c7000 	/usr/lib/libsqlite3.dylib
0x00000000240c7000 	/usr/lib/libxar.1.dylib
0x00000000240c7000 	/usr/lib/libbz2.1.0.dylib
0x00000000240c7000 	/usr/lib/liblzma.5.dylib
0x00000000240c7000 	/usr/lib/libnetwork.dylib
0x00000000240c7000 	/usr/lib/libpcap.A.dylib
0x00000000240c7000 	/System/Library/Frameworks/CoreServices.framework/Versions/A/Frameworks/FSEvents.framework/Versions/A/FSEvents
0x00000000240c7000 	/System/Library/Frameworks/CoreServices.framework/Versions/A/Frameworks/CarbonCore.framework/Versions/A/CarbonCore
0x00000000240c7000 	/System/Library/Frameworks/CoreServices.framework/Versions/A/Frameworks/Metadata.framework/Versions/A/Metadata
0x00000000240c7000 	/System/Library/Frameworks/CoreServices.framework/Versions/A/Frameworks/OSServices.framework/Versions/A/OSServices
0x00000000240c7000 	/System/Library/Frameworks/CoreServices.framework/Versions/A/Frameworks/SearchKit.framework/Versions/A/SearchKit
0x00000000240c7000 	/System/Library/Frameworks/CoreServices.framework/Versions/A/Frameworks/AE.framework/Versions/A/AE
0x00000000240c7000 	/System/Library/Frameworks/CoreServices.framework/Versions/A/Frameworks/LaunchServices.framework/Versions/A/LaunchServices
0x00000000240c7000 	/System/Library/Frameworks/CoreServices.framework/Versions/A/Frameworks/DictionaryServices.framework/Versions/A/DictionaryServices
0x00000000240c7000 	/System/Library/Frameworks/CoreServices.framework/Versions/A/Frameworks/SharedFileList.framework/Versions/A/SharedFileList
0x00000000240c7000 	/System/Library/Frameworks/NetFS.framework/Versions/A/NetFS
0x00000000240c7000 	/System/Library/PrivateFrameworks/NetAuth.framework/Versions/A/NetAuth
0x00000000240c7000 	/System/Library/PrivateFrameworks/login.framework/Versions/A/Frameworks/loginsupport.framework/Versions/A/loginsupport
0x00000000240c7000 	/System/Library/PrivateFrameworks/TCC.framework/Versions/A/TCC
0x00000000240c7000 	/usr/lib/libmecabra.dylib
0x00000000240c7000 	/System/Library/Frameworks/ApplicationServices.framework/Versions/A/Frameworks/ATS.framework/Versions/A/ATS
0x00000000240c7000 	/System/Library/Frameworks/ApplicationServices.framework/Versions/A/Frameworks/ColorSync.framework/Versions/A/ColorSync
0x00000000240c7000 	/System/Library/Frameworks/ApplicationServices.framework/Versions/A/Frameworks/HIServices.framework/Versions/A/HIServices
0x00000000240c7000 	/System/Library/Frameworks/ApplicationServices.framework/Versions/A/Frameworks/LangAnalysis.framework/Versions/A/LangAnalysis
0x00000000240c7000 	/System/Library/Frameworks/ApplicationServices.framework/Versions/A/Frameworks/PrintCore.framework/Versions/A/PrintCore
0x00000000240c7000 	/System/Library/Frameworks/ApplicationServices.framework/Versions/A/Frameworks/QD.framework/Versions/A/QD
0x00000000240c7000 	/System/Library/Frameworks/ApplicationServices.framework/Versions/A/Frameworks/SpeechSynthesis.framework/Versions/A/SpeechSynthesis
0x00000000240c7000 	/System/Library/Frameworks/Accelerate.framework/Versions/A/Frameworks/vImage.framework/Versions/A/vImage
0x00000000240c7000 	/System/Library/Frameworks/Accelerate.framework/Versions/A/Frameworks/vecLib.framework/Versions/A/vecLib
0x00000000240c7000 	/System/Library/Frameworks/Accelerate.framework/Versions/A/Frameworks/vecLib.framework/Versions/A/libvDSP.dylib
0x00000000240c7000 	/System/Library/Frameworks/Accelerate.framework/Versions/A/Frameworks/vecLib.framework/Versions/A/libBNNS.dylib
0x00000000240c7000 	/System/Library/Frameworks/Accelerate.framework/Versions/A/Frameworks/vecLib.framework/Versions/A/libQuadrature.dylib
0x00000000240c7000 	/System/Library/Frameworks/Accelerate.framework/Versions/A/Frameworks/vecLib.framework/Versions/A/libvMisc.dylib
0x00000000240c7000 	/System/Library/Frameworks/Accelerate.framework/Versions/A/Frameworks/vecLib.framework/Versions/A/libLAPACK.dylib
0x00000000240c7000 	/System/Library/Frameworks/Accelerate.framework/Versions/A/Frameworks/vecLib.framework/Versions/A/libBLAS.dylib
0x00000000240c7000 	/System/Library/Frameworks/Accelerate.framework/Versions/A/Frameworks/vecLib.framework/Versions/A/libLinearAlgebra.dylib
0x00000000240c7000 	/System/Library/Frameworks/Accelerate.framework/Versions/A/Frameworks/vecLib.framework/Versions/A/libSparseBLAS.dylib
0x00000000240c7000 	/System/Library/Frameworks/ApplicationServices.framework/Versions/A/Frameworks/ATS.framework/Versions/A/Resources/libFontParser.dylib
0x00000000240c7000 	/System/Library/Frameworks/ApplicationServices.framework/Versions/A/Frameworks/ATS.framework/Versions/A/Resources/libFontRegistry.dylib
0x00000000240c7000 	/System/Library/Frameworks/ImageIO.framework/Versions/A/Resources/libJPEG.dylib
0x00000000240c7000 	/System/Library/Frameworks/ImageIO.framework/Versions/A/Resources/libTIFF.dylib
0x00000000240c7000 	/System/Library/Frameworks/ImageIO.framework/Versions/A/Resources/libPng.dylib
0x00000000240c7000 	/System/Library/Frameworks/ImageIO.framework/Versions/A/Resources/libGIF.dylib
0x00000000240c7000 	/System/Library/Frameworks/ImageIO.framework/Versions/A/Resources/libJP2.dylib
0x00000000240c7000 	/System/Library/Frameworks/ImageIO.framework/Versions/A/Resources/libRadiance.dylib
0x00000000240c7000 	/usr/lib/libcompression.dylib
0x00000000240c7000 	/System/Library/PrivateFrameworks/AppleJPEG.framework/Versions/A/AppleJPEG
0x00000000240c7000 	/usr/lib/libcups.2.dylib
0x00000000240c7000 	/System/Library/Frameworks/Kerberos.framework/Versions/A/Kerberos
0x00000000240c7000 	/System/Library/Frameworks/GSS.framework/Versions/A/GSS
0x00000000240c7000 	/usr/lib/libresolv.9.dylib
0x00000000240c7000 	/usr/lib/libiconv.2.dylib
0x00000000240c7000 	/System/Library/PrivateFrameworks/Heimdal.framework/Versions/A/Heimdal
0x00000000240c7000 	/usr/lib/libheimdal-asn1.dylib
0x00000000240c7000 	/System/Library/Frameworks/OpenDirectory.framework/Versions/A/OpenDirectory
0x00000000240c7000 	/System/Library/PrivateFrameworks/CommonAuth.framework/Versions/A/CommonAuth
0x00000000240c7000 	/System/Library/Frameworks/OpenDirectory.framework/Versions/A/Frameworks/CFOpenDirectory.framework/Versions/A/CFOpenDirectory
0x00000000240c7000 	/System/Library/Frameworks/SecurityFoundation.framework/Versions/A/SecurityFoundation
0x00000000240c7000 	/System/Library/PrivateFrameworks/LanguageModeling.framework/Versions/A/LanguageModeling
0x00000000240c7000 	/usr/lib/libmarisa.dylib
0x00000000240c7000 	/usr/lib/libChineseTokenizer.dylib
0x00000000240c7000 	/usr/lib/libcmph.dylib
0x00000000240c7000 	/System/Library/PrivateFrameworks/CoreEmoji.framework/Versions/A/CoreEmoji
0x00000000240c7000 	/System/Library/Frameworks/ServiceManagement.framework/Versions/A/ServiceManagement
0x00000000240c7000 	/usr/lib/libxslt.1.dylib
0x00000000240c7000 	/System/Library/Frameworks/Carbon.framework/Versions/A/Frameworks/Ink.framework/Versions/A/Ink
0x00000000240c7000 	/System/Library/PrivateFrameworks/TextureIO.framework/Versions/A/TextureIO
0x00000000240c7000 	/System/Library/Frameworks/Metal.framework/Versions/A/Metal
0x00000000240c7000 	/usr/lib/libate.dylib
0x00000000240c7000 	/System/Library/PrivateFrameworks/GPUCompiler.framework/libmetal_timestamp.dylib
0x00000000240c7000 	/System/Library/Frameworks/OpenGL.framework/Versions/A/Libraries/libCoreFSCache.dylib
0x00000000240c7000 	/System/Library/PrivateFrameworks/IOAccelerator.framework/Versions/A/IOAccelerator
0x00000000240c7000 	/System/Library/Frameworks/CoreVideo.framework/Versions/A/CoreVideo
0x00000000240c7000 	/usr/lib/libFosl_dynamic.dylib
0x00000000240c7000 	/System/Library/PrivateFrameworks/MetalPerformanceShaders.framework/Versions/A/MetalPerformanceShaders
0x00000000240c7000 	/System/Library/PrivateFrameworks/FaceCore.framework/Versions/A/FaceCore
0x00000000240c7000 	/System/Library/Frameworks/OpenCL.framework/Versions/A/OpenCL
0x00000000240c7000 	/System/Library/Frameworks/OpenGL.framework/Versions/A/Libraries/libGLU.dylib
0x00000000240c7000 	/System/Library/Frameworks/OpenGL.framework/Versions/A/Libraries/libGFXShared.dylib
0x00000000240c7000 	/System/Library/Frameworks/OpenGL.framework/Versions/A/Libraries/libGL.dylib
0x00000000240c7000 	/System/Library/Frameworks/OpenGL.framework/Versions/A/Libraries/libGLImage.dylib
0x00000000240c7000 	/System/Library/Frameworks/OpenGL.framework/Versions/A/Libraries/libCVMSPluginSupport.dylib
0x00000000240c7000 	/System/Library/Frameworks/OpenGL.framework/Versions/A/Libraries/libCoreVMClient.dylib
0x00000000240c7000 	/System/Library/PrivateFrameworks/CrashReporterSupport.framework/Versions/A/CrashReporterSupport
0x00000000240c7000 	/System/Library/PrivateFrameworks/Sharing.framework/Versions/A/Sharing
0x00000000240c7000 	/System/Library/PrivateFrameworks/IconServices.framework/Versions/A/IconServices
0x00000000240c7000 	/System/Library/PrivateFrameworks/ProtocolBuffer.framework/Versions/A/ProtocolBuffer
0x00000000240c7000 	/System/Library/PrivateFrameworks/Apple80211.framework/Versions/A/Apple80211
0x00000000240c7000 	/System/Library/Frameworks/CoreWLAN.framework/Versions/A/CoreWLAN
0x00000000240c7000 	/System/Library/PrivateFrameworks/CoreUtils.framework/Versions/A/CoreUtils
0x00000000240c7000 	/System/Library/Frameworks/IOBluetooth.framework/Versions/A/IOBluetooth
0x00000000240c7000 	/System/Library/PrivateFrameworks/CoreWiFi.framework/Versions/A/CoreWiFi
0x00000000240c7000 	/System/Library/Frameworks/CoreBluetooth.framework/Versions/A/CoreBluetooth
0x00000000240c7000 	/System/Library/Frameworks/CoreDisplay.framework/Versions/A/CoreDisplay
0x00000000240c7000 	/System/Library/PrivateFrameworks/IOPresentment.framework/Versions/A/IOPresentment
0x00000000240c7000 	/System/Library/PrivateFrameworks/DSExternalDisplay.framework/Versions/A/DSExternalDisplay
0x00000000240c7000 	/System/Library/PrivateFrameworks/DebugSymbols.framework/Versions/A/DebugSymbols
0x00000000240c7000 	/System/Library/PrivateFrameworks/CoreSymbolication.framework/Versions/A/CoreSymbolication
0x00000000240c7000 	/System/Library/PrivateFrameworks/Symbolication.framework/Versions/A/Symbolication
0x00000000240c7000 	/System/Library/PrivateFrameworks/AppleFSCompression.framework/Versions/A/AppleFSCompression
0x00000000240c7000 	/System/Library/PrivateFrameworks/SpeechRecognitionCore.framework/Versions/A/SpeechRecognitionCore
0x00000000240c7000 	/System/Library/PrivateFrameworks/ChunkingLibrary.framework/Versions/A/ChunkingLibrary
0x0000000101596000 	/System/Library/CoreServices/Encodings/libSimplifiedChineseConverter.dylib
0x0000000101e00000 	/Library/Java/JavaVirtualMachines/jdk1.8.0_121.jdk/Contents/Home/jre/lib/server/libjvm.dylib
0x00000000240c7000 	/usr/lib/libstdc++.6.dylib
0x00000001015da000 	/Library/Java/JavaVirtualMachines/jdk1.8.0_121.jdk/Contents/Home/jre/lib/libverify.dylib
0x0000000102da2000 	/Library/Java/JavaVirtualMachines/jdk1.8.0_121.jdk/Contents/Home/jre/lib/libjava.dylib
0x0000000102dd7000 	/Library/Java/JavaVirtualMachines/jdk1.8.0_121.jdk/Contents/Home/jre/lib/libinstrument.dylib
0x00000001015f3000 	/Library/Java/JavaVirtualMachines/jdk1.8.0_121.jdk/Contents/Home/jre/lib/libzip.dylib
0x0000000108681000 	/System/Library/Frameworks/JavaVM.framework/Frameworks/JavaRuntimeSupport.framework/JavaRuntimeSupport
0x000000010869b000 	/System/Library/Frameworks/JavaVM.framework/Versions/A/Frameworks/JavaNativeFoundation.framework/Versions/A/JavaNativeFoundation
0x00000001086b0000 	/System/Library/Frameworks/JavaVM.framework/Versions/A/JavaVM
0x00000000240c7000 	/System/Library/Frameworks/Carbon.framework/Versions/A/Carbon
0x00000001086bd000 	/System/Library/PrivateFrameworks/JavaLaunching.framework/Versions/A/JavaLaunching
0x00000000240c7000 	/System/Library/Frameworks/Carbon.framework/Versions/A/Frameworks/CommonPanels.framework/Versions/A/CommonPanels
0x00000000240c7000 	/System/Library/Frameworks/Carbon.framework/Versions/A/Frameworks/Help.framework/Versions/A/Help
0x00000000240c7000 	/System/Library/Frameworks/Carbon.framework/Versions/A/Frameworks/ImageCapture.framework/Versions/A/ImageCapture
0x00000000240c7000 	/System/Library/Frameworks/Carbon.framework/Versions/A/Frameworks/OpenScripting.framework/Versions/A/OpenScripting
0x00000000240c7000 	/System/Library/Frameworks/Carbon.framework/Versions/A/Frameworks/Print.framework/Versions/A/Print
0x00000000240c7000 	/System/Library/Frameworks/Carbon.framework/Versions/A/Frameworks/SecurityHI.framework/Versions/A/SecurityHI
0x000000011a777000 	/Library/Java/JavaVirtualMachines/jdk1.8.0_121.jdk/Contents/Home/jre/lib/libsunec.dylib
0x000000011a7a0000 	/Library/Java/JavaVirtualMachines/jdk1.8.0_121.jdk/Contents/Home/jre/lib/libnet.dylib
0x000000011a7ff000 	/Library/Java/JavaVirtualMachines/jdk1.8.0_121.jdk/Contents/Home/jre/lib/libnio.dylib
0x000000011aa0f000 	/Library/Java/JavaVirtualMachines/jdk1.8.0_121.jdk/Contents/Home/jre/lib/libmanagement.dylib

VM Arguments:
jvm_args: -javaagent:/Users/meixinbin/Workspaces/skywalking/apm-sniffer/apm-agent/target/skywalking-agent.jar -XX:TieredStopAtLevel=1 -Xverify:none -Dspring.output.ansi.enabled=always -Dcom.sun.management.jmxremote -Dcom.sun.management.jmxremote.port=52522 -Dcom.sun.management.jmxremote.authenticate=false -Dcom.sun.management.jmxremote.ssl=false -Djava.rmi.server.hostname=127.0.0.1 -Dspring.liveBeansView.mbeanDomain -Dspring.application.admin.enabled=true -javaagent:/Applications/IntelliJ IDEA.app/Contents/lib/idea_rt.jar=52523:/Applications/IntelliJ IDEA.app/Contents/bin -Dfile.encoding=UTF-8 
java_command: com.minshenglife.Main
java_class_path (initial): /Library/Java/JavaVirtualMachines/jdk1.8.0_121.jdk/Contents/Home/jre/lib/charsets.jar:/Library/Java/JavaVirtualMachines/jdk1.8.0_121.jdk/Contents/Home/jre/lib/deploy.jar:/Library/Java/JavaVirtualMachines/jdk1.8.0_121.jdk/Contents/Home/jre/lib/ext/cldrdata.jar:/Library/Java/JavaVirtualMachines/jdk1.8.0_121.jdk/Contents/Home/jre/lib/ext/dnsns.jar:/Library/Java/JavaVirtualMachines/jdk1.8.0_121.jdk/Contents/Home/jre/lib/ext/jaccess.jar:/Library/Java/JavaVirtualMachines/jdk1.8.0_121.jdk/Contents/Home/jre/lib/ext/jfxrt.jar:/Library/Java/JavaVirtualMachines/jdk1.8.0_121.jdk/Contents/Home/jre/lib/ext/localedata.jar:/Library/Java/JavaVirtualMachines/jdk1.8.0_121.jdk/Contents/Home/jre/lib/ext/nashorn.jar:/Library/Java/JavaVirtualMachines/jdk1.8.0_121.jdk/Contents/Home/jre/lib/ext/sunec.jar:/Library/Java/JavaVirtualMachines/jdk1.8.0_121.jdk/Contents/Home/jre/lib/ext/sunjce_provider.jar:/Library/Java/JavaVirtualMachines/jdk1.8.0_121.jdk/Contents/Home/jre/lib/ext/sunpkcs11.jar:/Library/Java/JavaVirtualMachines/jdk1.8.0_121.jdk/Contents/Home/jre/lib/ext/zipfs.jar:/Library/Java/JavaVirtualMachines/jdk1.8.0_121.jdk/Contents/Home/jre/lib/javaws.jar:/Library/Java/JavaVirtualMachines/jdk1.8.0_121.jdk/Contents/Home/jre/lib/jce.jar:/Library/Java/JavaVirtualMachines/jdk1.8.0_121.jdk/Contents/Home/jre/lib/jfr.jar:/Library/Java/JavaVirtualMachines/jdk1.8.0_121.jdk/Contents/Home/jre/lib/jfxswt.jar:/Library/Java/JavaVirtualMachines/jdk1.8.0_121.jdk/Contents/Home/jre/lib/jsse.jar:/Library/Java/JavaVirtualMachines/jdk1.8.0_121.jdk/Contents/Home/jre/lib/management-agent.jar:/Library/Java/JavaVirtualMachines/jdk1.8.0_121.jdk/Contents/Home/jre/lib/plugin.jar:/Library/Java/JavaVirtualMachines/jdk1.8.0_121.jdk/Contents/Home/jre/lib/resources.jar:/Library/Java/JavaVirtualMachines/jdk1.8.0_121.jdk/Contents/Home/jre/lib/rt.jar:/Library/Java/JavaVirtualMachines/jdk1.8.0_121.jdk/Contents/Home/lib/ant-javafx.jar:/Library/Java/JavaVirtualMachines/jdk1.8.0_121.jdk/Contents/Home
Launcher Type: SUN_STANDARD

Environment Variables:
JAVA_HOME=/Library/Java/JavaVirtualMachines/jdk1.8.0_121.jdk/Contents/Home
CLASSPATH=.:/Library/Java/JavaVirtualMachines/jdk1.8.0_121.jdk/Contents/Home/lib/dt.jar:/Library/Java/JavaVirtualMachines/jdk1.8.0_121.jdk/Contents/Home/lib/tools.jar:/Library/Java/JavaVirtualMachines/jdk1.8.0_121.jdk/Contents/Home/jre/lib/rt.jar
PATH=/usr/local/Cellar/gradle/4.7/bin:/usr/local/opt/opencv3/bin:/opt/local/sbin:/opt/local/bin:/usr/local/erlang/bin:/Library/Java/JavaVirtualMachines/jdk1.8.0_121.jdk/Contents/Home/bin:/usr/local/maven/apache-maven-3.3.9/bin:/usr/local/bin:/usr/bin:/bin:/usr/sbin:/sbin
SHELL=/bin/bash

Signal Handlers:
SIGSEGV: [libjvm.dylib+0x5b1141], sa_mask[0]=11111111011111110111111111111111, sa_flags=SA_ONSTACK|SA_RESTART|SA_SIGINFO
SIGBUS: [libjvm.dylib+0x5b1141], sa_mask[0]=11111111011111110111111111111111, sa_flags=SA_RESTART|SA_SIGINFO
SIGFPE: [libjvm.dylib+0x487bc4], sa_mask[0]=11111111011111110111111111111111, sa_flags=SA_RESTART|SA_SIGINFO
SIGPIPE: [libjvm.dylib+0x487bc4], sa_mask[0]=11111111011111110111111111111111, sa_flags=SA_RESTART|SA_SIGINFO
SIGXFSZ: [libjvm.dylib+0x487bc4], sa_mask[0]=11111111011111110111111111111111, sa_flags=SA_RESTART|SA_SIGINFO
SIGILL: [libjvm.dylib+0x487bc4], sa_mask[0]=11111111011111110111111111111111, sa_flags=SA_RESTART|SA_SIGINFO
SIGUSR1: SIG_DFL, sa_mask[0]=00000000000000000000000000000000, sa_flags=none
SIGUSR2: [libjvm.dylib+0x4876e2], sa_mask[0]=00100000000000000000000000000000, sa_flags=SA_RESTART|SA_SIGINFO
SIGHUP: [libjvm.dylib+0x485cb9], sa_mask[0]=11111111011111110111111111111111, sa_flags=SA_RESTART|SA_SIGINFO
SIGINT: [libjvm.dylib+0x485cb9], sa_mask[0]=11111111011111110111111111111111, sa_flags=SA_RESTART|SA_SIGINFO
SIGTERM: [libjvm.dylib+0x485cb9], sa_mask[0]=11111111011111110111111111111111, sa_flags=SA_RESTART|SA_SIGINFO
SIGQUIT: [libjvm.dylib+0x485cb9], sa_mask[0]=11111111011111110111111111111111, sa_flags=SA_RESTART|SA_SIGINFO


---------------  S Y S T E M  ---------------

OS:Bsduname:Darwin 16.7.0 Darwin Kernel Version 16.7.0: Thu Jun 15 17:36:27 PDT 2017; root:xnu-3789.70.16~2/RELEASE_X86_64 x86_64
rlimit: STACK 8192k, CORE 0k, NPROC 709, NOFILE 10240, AS infinity
load average:4.96 3.32 2.99

CPU:total 4 (2 cores per cpu, 2 threads per core) family 6 model 78 stepping 3, cmov, cx8, fxsr, mmx, sse, sse2, sse3, ssse3, sse4.1, sse4.2, popcnt, avx, avx2, aes, clmul, erms, rtm, 3dnowpref, lzcnt, ht, tsc, tscinvbit, bmi1, bmi2, adx

Memory: 4k page, physical 8388608k(69396k free)

/proc/meminfo:


vm_info: Java HotSpot(TM) 64-Bit Server VM (25.121-b13) for bsd-amd64 JRE (1.8.0_121-b13), built on Dec 12 2016 20:39:32 by "java_re" with gcc 4.2.1 (Based on Apple Inc. build 5658) (LLVM build 2336.11.00)

time: Mon May 28 09:41:55 2018
elapsed time: 424 seconds (0d 0h 7m 4s)

